<?xml version="1.0" encoding="UTF-8"?>
<!-- Generated by org.testng.reporters.JUnitReportReporter -->
<testsuite hostname="ICPL11541" name="com.qmetry.qaf.automation.step.client.DataDrivenScenario" tests="12" failures="0" timestamp="31 Mar 2017 07:23:55 GMT" time="793.936" errors="12">
  <testcase name="Search Keyword CSV Data" time="62.858" classname="com.qmetry.qaf.automation.step.client.DataDrivenScenario">
    <error type="com.qmetry.qaf.automation.core.AutomationError" message="Timed out after 60 seconds: Unable to create driver instance in 7th attempt with retry timeout of 60 seconds. You can check/set value of &#039;driver.init.retry.timeout&#039; appropriately to set retry timeout on driver initialization failure.
Failed to start execution - Access denied - bad credentials
Command duration or timeout: 250 milliseconds
Build info: version: &#039;2.53.1&#039;, revision: &#039;a36b8b1cd5757287168e54b817830adce9b0158d&#039;, time: &#039;2016-06-30 19:26:09&#039;
System info: host: &#039;ICPL11541&#039;, ip: &#039;10.11.31.182&#039;, os.name: &#039;Windows 8&#039;, os.arch: &#039;amd64&#039;, os.version: &#039;6.2&#039;, java.version: &#039;1.8.0_111&#039;
Driver info: com.qmetry.qaf.automation.ui.webdriver.QAFExtendedWebDriver">
      <![CDATA[com.qmetry.qaf.automation.core.AutomationError: Timed out after 60 seconds: Unable to create driver instance in 7th attempt with retry timeout of 60 seconds. You can check/set value of 'driver.init.retry.timeout' appropriately to set retry timeout on driver initialization failure.
Failed to start execution - Access denied - bad credentials
Command duration or timeout: 250 milliseconds
Build info: version: '2.53.1', revision: 'a36b8b1cd5757287168e54b817830adce9b0158d', time: '2016-06-30 19:26:09'
System info: host: 'ICPL11541', ip: '10.11.31.182', os.name: 'Windows 8', os.arch: 'amd64', os.version: '6.2', java.version: '1.8.0_111'
Driver info: com.qmetry.qaf.automation.ui.webdriver.QAFExtendedWebDriver
	at sun.reflect.GeneratedConstructorAccessor15.newInstance(Unknown Source)
	at sun.reflect.DelegatingConstructorAccessorImpl.newInstance(Unknown Source)
	at java.lang.reflect.Constructor.newInstance(Unknown Source)
	at org.openqa.selenium.remote.ErrorHandler.createThrowable(ErrorHandler.java:206)
	at org.openqa.selenium.remote.ErrorHandler.throwIfResponseFailed(ErrorHandler.java:158)
	at org.openqa.selenium.remote.RemoteWebDriver.execute(RemoteWebDriver.java:678)
	at com.qmetry.qaf.automation.ui.webdriver.QAFExtendedWebDriver.execute(QAFExtendedWebDriver.java:234)
	at org.openqa.selenium.remote.RemoteWebDriver.startSession(RemoteWebDriver.java:249)
	at org.openqa.selenium.remote.RemoteWebDriver.<init>(RemoteWebDriver.java:131)
	at org.openqa.selenium.remote.RemoteWebDriver.<init>(RemoteWebDriver.java:158)
	at com.qmetry.qaf.automation.ui.webdriver.QAFExtendedWebDriver.<init>(QAFExtendedWebDriver.java:93)
	at com.qmetry.qaf.automation.ui.UiDriverFactory$Browsers.getDriver(UiDriverFactory.java:441)
	at com.qmetry.qaf.automation.ui.UiDriverFactory$Browsers.access$3(UiDriverFactory.java:420)
	at com.qmetry.qaf.automation.ui.UiDriverFactory.getDriver(UiDriverFactory.java:233)
	at com.qmetry.qaf.automation.ui.UiDriverFactory.get(UiDriverFactory.java:94)
	at com.qmetry.qaf.automation.core.QAFTestBase$DriverInitExpectedCondition.apply(QAFTestBase.java:487)
	at com.qmetry.qaf.automation.core.QAFTestBase$DriverInitExpectedCondition.apply(QAFTestBase.java:1)
	at org.openqa.selenium.support.ui.FluentWait.until(FluentWait.java:238)
	at com.qmetry.qaf.automation.core.QAFTestBase.init(QAFTestBase.java:389)
	at com.qmetry.qaf.automation.core.QAFTestBase.getUiDriver(QAFTestBase.java:177)
	at com.qmetry.qaf.automation.ui.WebDriverTestBase.getDriver(WebDriverTestBase.java:47)
	at com.qmetry.qaf.automation.ui.WebDriverTestBase.getDriver(WebDriverTestBase.java:1)
	at com.qmetry.qaf.automation.ui.AbstractTestCase.getDriver(AbstractTestCase.java:78)
	at com.quantum.listerners.QuantumReportiumListener.createReportiumClient(QuantumReportiumListener.java:198)
	at com.quantum.listerners.QuantumReportiumListener.onTestStart(QuantumReportiumListener.java:76)
	at org.testng.internal.Invoker.runTestListeners(Invoker.java:1700)
	at org.testng.internal.Invoker.runTestListeners(Invoker.java:1675)
	at org.testng.internal.Invoker.invokeMethod(Invoker.java:619)
	at org.testng.internal.Invoker.invokeTestMethod(Invoker.java:820)
	at org.testng.internal.Invoker.invokeTestMethods(Invoker.java:1128)
	at org.testng.internal.TestMethodWorker.invokeTestMethods(TestMethodWorker.java:129)
	at org.testng.internal.TestMethodWorker.run(TestMethodWorker.java:112)
	at org.testng.TestRunner.privateRun(TestRunner.java:806)
	at org.testng.TestRunner.run(TestRunner.java:656)
	at org.testng.SuiteRunner.runTest(SuiteRunner.java:366)
	at org.testng.SuiteRunner.access$000(SuiteRunner.java:39)
	at org.testng.SuiteRunner$SuiteWorker.run(SuiteRunner.java:400)
	at org.testng.internal.thread.ThreadUtil$2.call(ThreadUtil.java:64)
	at java.util.concurrent.FutureTask.run(Unknown Source)
	at java.util.concurrent.ThreadPoolExecutor.runWorker(Unknown Source)
	at java.util.concurrent.ThreadPoolExecutor$Worker.run(Unknown Source)
	at java.lang.Thread.run(Unknown Source)
]]>
    </error>
  </testcase> <!-- Search Keyword CSV Data -->
  <testcase name="Search Keyword XML Data" time="61.979" classname="com.qmetry.qaf.automation.step.client.DataDrivenScenario">
    <error type="com.qmetry.qaf.automation.core.AutomationError" message="Timed out after 60 seconds: Unable to create driver instance in 7th attempt with retry timeout of 60 seconds. You can check/set value of &#039;driver.init.retry.timeout&#039; appropriately to set retry timeout on driver initialization failure.
Failed to start execution - Access denied - bad credentials
Command duration or timeout: 266 milliseconds
Build info: version: &#039;2.53.1&#039;, revision: &#039;a36b8b1cd5757287168e54b817830adce9b0158d&#039;, time: &#039;2016-06-30 19:26:09&#039;
System info: host: &#039;ICPL11541&#039;, ip: &#039;10.11.31.182&#039;, os.name: &#039;Windows 8&#039;, os.arch: &#039;amd64&#039;, os.version: &#039;6.2&#039;, java.version: &#039;1.8.0_111&#039;
Driver info: com.qmetry.qaf.automation.ui.webdriver.QAFExtendedWebDriver">
      <![CDATA[com.qmetry.qaf.automation.core.AutomationError: Timed out after 60 seconds: Unable to create driver instance in 7th attempt with retry timeout of 60 seconds. You can check/set value of 'driver.init.retry.timeout' appropriately to set retry timeout on driver initialization failure.
Failed to start execution - Access denied - bad credentials
Command duration or timeout: 266 milliseconds
Build info: version: '2.53.1', revision: 'a36b8b1cd5757287168e54b817830adce9b0158d', time: '2016-06-30 19:26:09'
System info: host: 'ICPL11541', ip: '10.11.31.182', os.name: 'Windows 8', os.arch: 'amd64', os.version: '6.2', java.version: '1.8.0_111'
Driver info: com.qmetry.qaf.automation.ui.webdriver.QAFExtendedWebDriver
	at sun.reflect.GeneratedConstructorAccessor15.newInstance(Unknown Source)
	at sun.reflect.DelegatingConstructorAccessorImpl.newInstance(Unknown Source)
	at java.lang.reflect.Constructor.newInstance(Unknown Source)
	at org.openqa.selenium.remote.ErrorHandler.createThrowable(ErrorHandler.java:206)
	at org.openqa.selenium.remote.ErrorHandler.throwIfResponseFailed(ErrorHandler.java:158)
	at org.openqa.selenium.remote.RemoteWebDriver.execute(RemoteWebDriver.java:678)
	at com.qmetry.qaf.automation.ui.webdriver.QAFExtendedWebDriver.execute(QAFExtendedWebDriver.java:234)
	at org.openqa.selenium.remote.RemoteWebDriver.startSession(RemoteWebDriver.java:249)
	at org.openqa.selenium.remote.RemoteWebDriver.<init>(RemoteWebDriver.java:131)
	at org.openqa.selenium.remote.RemoteWebDriver.<init>(RemoteWebDriver.java:158)
	at com.qmetry.qaf.automation.ui.webdriver.QAFExtendedWebDriver.<init>(QAFExtendedWebDriver.java:93)
	at com.qmetry.qaf.automation.ui.UiDriverFactory$Browsers.getDriver(UiDriverFactory.java:441)
	at com.qmetry.qaf.automation.ui.UiDriverFactory$Browsers.access$3(UiDriverFactory.java:420)
	at com.qmetry.qaf.automation.ui.UiDriverFactory.getDriver(UiDriverFactory.java:233)
	at com.qmetry.qaf.automation.ui.UiDriverFactory.get(UiDriverFactory.java:94)
	at com.qmetry.qaf.automation.core.QAFTestBase$DriverInitExpectedCondition.apply(QAFTestBase.java:487)
	at com.qmetry.qaf.automation.core.QAFTestBase$DriverInitExpectedCondition.apply(QAFTestBase.java:1)
	at org.openqa.selenium.support.ui.FluentWait.until(FluentWait.java:238)
	at com.qmetry.qaf.automation.core.QAFTestBase.init(QAFTestBase.java:389)
	at com.qmetry.qaf.automation.core.QAFTestBase.getUiDriver(QAFTestBase.java:177)
	at com.qmetry.qaf.automation.ui.WebDriverTestBase.getDriver(WebDriverTestBase.java:47)
	at com.qmetry.qaf.automation.ui.WebDriverTestBase.getDriver(WebDriverTestBase.java:1)
	at com.qmetry.qaf.automation.ui.AbstractTestCase.getDriver(AbstractTestCase.java:78)
	at com.quantum.listerners.QuantumReportiumListener.createReportiumClient(QuantumReportiumListener.java:198)
	at com.quantum.listerners.QuantumReportiumListener.onTestStart(QuantumReportiumListener.java:76)
	at org.testng.internal.Invoker.runTestListeners(Invoker.java:1700)
	at org.testng.internal.Invoker.runTestListeners(Invoker.java:1675)
	at org.testng.internal.Invoker.invokeMethod(Invoker.java:619)
	at org.testng.internal.Invoker.invokeTestMethod(Invoker.java:820)
	at org.testng.internal.Invoker.invokeTestMethods(Invoker.java:1128)
	at org.testng.internal.TestMethodWorker.invokeTestMethods(TestMethodWorker.java:129)
	at org.testng.internal.TestMethodWorker.run(TestMethodWorker.java:112)
	at org.testng.TestRunner.privateRun(TestRunner.java:806)
	at org.testng.TestRunner.run(TestRunner.java:656)
	at org.testng.SuiteRunner.runTest(SuiteRunner.java:366)
	at org.testng.SuiteRunner.access$000(SuiteRunner.java:39)
	at org.testng.SuiteRunner$SuiteWorker.run(SuiteRunner.java:400)
	at org.testng.internal.thread.ThreadUtil$2.call(ThreadUtil.java:64)
	at java.util.concurrent.FutureTask.run(Unknown Source)
	at java.util.concurrent.ThreadPoolExecutor.runWorker(Unknown Source)
	at java.util.concurrent.ThreadPoolExecutor$Worker.run(Unknown Source)
	at java.lang.Thread.run(Unknown Source)
]]>
    </error>
  </testcase> <!-- Search Keyword XML Data -->
  <testcase name="Search Keyword CSV Data" time="62.592" classname="com.qmetry.qaf.automation.step.client.DataDrivenScenario">
    <error type="com.qmetry.qaf.automation.core.AutomationError" message="Timed out after 60 seconds: Unable to create driver instance in 7th attempt with retry timeout of 60 seconds. You can check/set value of &#039;driver.init.retry.timeout&#039; appropriately to set retry timeout on driver initialization failure.
Failed to start execution - Access denied - bad credentials
Command duration or timeout: 251 milliseconds
Build info: version: &#039;2.53.1&#039;, revision: &#039;a36b8b1cd5757287168e54b817830adce9b0158d&#039;, time: &#039;2016-06-30 19:26:09&#039;
System info: host: &#039;ICPL11541&#039;, ip: &#039;10.11.31.182&#039;, os.name: &#039;Windows 8&#039;, os.arch: &#039;amd64&#039;, os.version: &#039;6.2&#039;, java.version: &#039;1.8.0_111&#039;
Driver info: com.qmetry.qaf.automation.ui.webdriver.QAFExtendedWebDriver">
      <![CDATA[com.qmetry.qaf.automation.core.AutomationError: Timed out after 60 seconds: Unable to create driver instance in 7th attempt with retry timeout of 60 seconds. You can check/set value of 'driver.init.retry.timeout' appropriately to set retry timeout on driver initialization failure.
Failed to start execution - Access denied - bad credentials
Command duration or timeout: 251 milliseconds
Build info: version: '2.53.1', revision: 'a36b8b1cd5757287168e54b817830adce9b0158d', time: '2016-06-30 19:26:09'
System info: host: 'ICPL11541', ip: '10.11.31.182', os.name: 'Windows 8', os.arch: 'amd64', os.version: '6.2', java.version: '1.8.0_111'
Driver info: com.qmetry.qaf.automation.ui.webdriver.QAFExtendedWebDriver
	at sun.reflect.GeneratedConstructorAccessor15.newInstance(Unknown Source)
	at sun.reflect.DelegatingConstructorAccessorImpl.newInstance(Unknown Source)
	at java.lang.reflect.Constructor.newInstance(Unknown Source)
	at org.openqa.selenium.remote.ErrorHandler.createThrowable(ErrorHandler.java:206)
	at org.openqa.selenium.remote.ErrorHandler.throwIfResponseFailed(ErrorHandler.java:158)
	at org.openqa.selenium.remote.RemoteWebDriver.execute(RemoteWebDriver.java:678)
	at com.qmetry.qaf.automation.ui.webdriver.QAFExtendedWebDriver.execute(QAFExtendedWebDriver.java:234)
	at org.openqa.selenium.remote.RemoteWebDriver.startSession(RemoteWebDriver.java:249)
	at org.openqa.selenium.remote.RemoteWebDriver.<init>(RemoteWebDriver.java:131)
	at org.openqa.selenium.remote.RemoteWebDriver.<init>(RemoteWebDriver.java:158)
	at com.qmetry.qaf.automation.ui.webdriver.QAFExtendedWebDriver.<init>(QAFExtendedWebDriver.java:93)
	at com.qmetry.qaf.automation.ui.UiDriverFactory$Browsers.getDriver(UiDriverFactory.java:441)
	at com.qmetry.qaf.automation.ui.UiDriverFactory$Browsers.access$3(UiDriverFactory.java:420)
	at com.qmetry.qaf.automation.ui.UiDriverFactory.getDriver(UiDriverFactory.java:233)
	at com.qmetry.qaf.automation.ui.UiDriverFactory.get(UiDriverFactory.java:94)
	at com.qmetry.qaf.automation.core.QAFTestBase$DriverInitExpectedCondition.apply(QAFTestBase.java:487)
	at com.qmetry.qaf.automation.core.QAFTestBase$DriverInitExpectedCondition.apply(QAFTestBase.java:1)
	at org.openqa.selenium.support.ui.FluentWait.until(FluentWait.java:238)
	at com.qmetry.qaf.automation.core.QAFTestBase.init(QAFTestBase.java:389)
	at com.qmetry.qaf.automation.core.QAFTestBase.getUiDriver(QAFTestBase.java:177)
	at com.qmetry.qaf.automation.ui.WebDriverTestBase.getDriver(WebDriverTestBase.java:47)
	at com.qmetry.qaf.automation.ui.WebDriverTestBase.getDriver(WebDriverTestBase.java:1)
	at com.qmetry.qaf.automation.ui.AbstractTestCase.getDriver(AbstractTestCase.java:78)
	at com.quantum.listerners.QuantumReportiumListener.createReportiumClient(QuantumReportiumListener.java:198)
	at com.quantum.listerners.QuantumReportiumListener.onTestStart(QuantumReportiumListener.java:76)
	at org.testng.internal.Invoker.runTestListeners(Invoker.java:1700)
	at org.testng.internal.Invoker.runTestListeners(Invoker.java:1675)
	at org.testng.internal.Invoker.invokeMethod(Invoker.java:619)
	at org.testng.internal.Invoker.invokeTestMethod(Invoker.java:820)
	at org.testng.internal.Invoker.invokeTestMethods(Invoker.java:1128)
	at org.testng.internal.TestMethodWorker.invokeTestMethods(TestMethodWorker.java:129)
	at org.testng.internal.TestMethodWorker.run(TestMethodWorker.java:112)
	at org.testng.TestRunner.privateRun(TestRunner.java:806)
	at org.testng.TestRunner.run(TestRunner.java:656)
	at org.testng.SuiteRunner.runTest(SuiteRunner.java:366)
	at org.testng.SuiteRunner.access$000(SuiteRunner.java:39)
	at org.testng.SuiteRunner$SuiteWorker.run(SuiteRunner.java:400)
	at org.testng.internal.thread.ThreadUtil$2.call(ThreadUtil.java:64)
	at java.util.concurrent.FutureTask.run(Unknown Source)
	at java.util.concurrent.ThreadPoolExecutor.runWorker(Unknown Source)
	at java.util.concurrent.ThreadPoolExecutor$Worker.run(Unknown Source)
	at java.lang.Thread.run(Unknown Source)
]]>
    </error>
  </testcase> <!-- Search Keyword CSV Data -->
  <testcase name="Search Keyword Inline Data" time="61.803" classname="com.qmetry.qaf.automation.step.client.DataDrivenScenario">
    <error type="com.qmetry.qaf.automation.core.AutomationError" message="Timed out after 60 seconds: Unable to create driver instance in 7th attempt with retry timeout of 60 seconds. You can check/set value of &#039;driver.init.retry.timeout&#039; appropriately to set retry timeout on driver initialization failure.
Failed to start execution - Access denied - bad credentials
Command duration or timeout: 251 milliseconds
Build info: version: &#039;2.53.1&#039;, revision: &#039;a36b8b1cd5757287168e54b817830adce9b0158d&#039;, time: &#039;2016-06-30 19:26:09&#039;
System info: host: &#039;ICPL11541&#039;, ip: &#039;10.11.31.182&#039;, os.name: &#039;Windows 8&#039;, os.arch: &#039;amd64&#039;, os.version: &#039;6.2&#039;, java.version: &#039;1.8.0_111&#039;
Driver info: com.qmetry.qaf.automation.ui.webdriver.QAFExtendedWebDriver">
      <![CDATA[com.qmetry.qaf.automation.core.AutomationError: Timed out after 60 seconds: Unable to create driver instance in 7th attempt with retry timeout of 60 seconds. You can check/set value of 'driver.init.retry.timeout' appropriately to set retry timeout on driver initialization failure.
Failed to start execution - Access denied - bad credentials
Command duration or timeout: 251 milliseconds
Build info: version: '2.53.1', revision: 'a36b8b1cd5757287168e54b817830adce9b0158d', time: '2016-06-30 19:26:09'
System info: host: 'ICPL11541', ip: '10.11.31.182', os.name: 'Windows 8', os.arch: 'amd64', os.version: '6.2', java.version: '1.8.0_111'
Driver info: com.qmetry.qaf.automation.ui.webdriver.QAFExtendedWebDriver
	at sun.reflect.GeneratedConstructorAccessor15.newInstance(Unknown Source)
	at sun.reflect.DelegatingConstructorAccessorImpl.newInstance(Unknown Source)
	at java.lang.reflect.Constructor.newInstance(Unknown Source)
	at org.openqa.selenium.remote.ErrorHandler.createThrowable(ErrorHandler.java:206)
	at org.openqa.selenium.remote.ErrorHandler.throwIfResponseFailed(ErrorHandler.java:158)
	at org.openqa.selenium.remote.RemoteWebDriver.execute(RemoteWebDriver.java:678)
	at com.qmetry.qaf.automation.ui.webdriver.QAFExtendedWebDriver.execute(QAFExtendedWebDriver.java:234)
	at org.openqa.selenium.remote.RemoteWebDriver.startSession(RemoteWebDriver.java:249)
	at org.openqa.selenium.remote.RemoteWebDriver.<init>(RemoteWebDriver.java:131)
	at org.openqa.selenium.remote.RemoteWebDriver.<init>(RemoteWebDriver.java:158)
	at com.qmetry.qaf.automation.ui.webdriver.QAFExtendedWebDriver.<init>(QAFExtendedWebDriver.java:93)
	at com.qmetry.qaf.automation.ui.UiDriverFactory$Browsers.getDriver(UiDriverFactory.java:441)
	at com.qmetry.qaf.automation.ui.UiDriverFactory$Browsers.access$3(UiDriverFactory.java:420)
	at com.qmetry.qaf.automation.ui.UiDriverFactory.getDriver(UiDriverFactory.java:233)
	at com.qmetry.qaf.automation.ui.UiDriverFactory.get(UiDriverFactory.java:94)
	at com.qmetry.qaf.automation.core.QAFTestBase$DriverInitExpectedCondition.apply(QAFTestBase.java:487)
	at com.qmetry.qaf.automation.core.QAFTestBase$DriverInitExpectedCondition.apply(QAFTestBase.java:1)
	at org.openqa.selenium.support.ui.FluentWait.until(FluentWait.java:238)
	at com.qmetry.qaf.automation.core.QAFTestBase.init(QAFTestBase.java:389)
	at com.qmetry.qaf.automation.core.QAFTestBase.getUiDriver(QAFTestBase.java:177)
	at com.qmetry.qaf.automation.ui.WebDriverTestBase.getDriver(WebDriverTestBase.java:47)
	at com.qmetry.qaf.automation.ui.WebDriverTestBase.getDriver(WebDriverTestBase.java:1)
	at com.qmetry.qaf.automation.ui.AbstractTestCase.getDriver(AbstractTestCase.java:78)
	at com.quantum.listerners.QuantumReportiumListener.createReportiumClient(QuantumReportiumListener.java:198)
	at com.quantum.listerners.QuantumReportiumListener.onTestStart(QuantumReportiumListener.java:76)
	at org.testng.internal.Invoker.runTestListeners(Invoker.java:1700)
	at org.testng.internal.Invoker.runTestListeners(Invoker.java:1675)
	at org.testng.internal.Invoker.invokeMethod(Invoker.java:619)
	at org.testng.internal.Invoker.invokeTestMethod(Invoker.java:820)
	at org.testng.internal.Invoker.invokeTestMethods(Invoker.java:1128)
	at org.testng.internal.TestMethodWorker.invokeTestMethods(TestMethodWorker.java:129)
	at org.testng.internal.TestMethodWorker.run(TestMethodWorker.java:112)
	at org.testng.TestRunner.privateRun(TestRunner.java:806)
	at org.testng.TestRunner.run(TestRunner.java:656)
	at org.testng.SuiteRunner.runTest(SuiteRunner.java:366)
	at org.testng.SuiteRunner.access$000(SuiteRunner.java:39)
	at org.testng.SuiteRunner$SuiteWorker.run(SuiteRunner.java:400)
	at org.testng.internal.thread.ThreadUtil$2.call(ThreadUtil.java:64)
	at java.util.concurrent.FutureTask.run(Unknown Source)
	at java.util.concurrent.ThreadPoolExecutor.runWorker(Unknown Source)
	at java.util.concurrent.ThreadPoolExecutor$Worker.run(Unknown Source)
	at java.lang.Thread.run(Unknown Source)
]]>
    </error>
  </testcase> <!-- Search Keyword Inline Data -->
  <testcase name="Search Keyword Inline Data" time="61.156" classname="com.qmetry.qaf.automation.step.client.DataDrivenScenario">
    <error type="com.qmetry.qaf.automation.core.AutomationError" message="Timed out after 60 seconds: Unable to create driver instance in 6th attempt with retry timeout of 60 seconds. You can check/set value of &#039;driver.init.retry.timeout&#039; appropriately to set retry timeout on driver initialization failure.
Failed to start execution - Access denied - bad credentials
Command duration or timeout: 251 milliseconds
Build info: version: &#039;2.53.1&#039;, revision: &#039;a36b8b1cd5757287168e54b817830adce9b0158d&#039;, time: &#039;2016-06-30 19:26:09&#039;
System info: host: &#039;ICPL11541&#039;, ip: &#039;10.11.31.182&#039;, os.name: &#039;Windows 8&#039;, os.arch: &#039;amd64&#039;, os.version: &#039;6.2&#039;, java.version: &#039;1.8.0_111&#039;
Driver info: com.qmetry.qaf.automation.ui.webdriver.QAFExtendedWebDriver">
      <![CDATA[com.qmetry.qaf.automation.core.AutomationError: Timed out after 60 seconds: Unable to create driver instance in 6th attempt with retry timeout of 60 seconds. You can check/set value of 'driver.init.retry.timeout' appropriately to set retry timeout on driver initialization failure.
Failed to start execution - Access denied - bad credentials
Command duration or timeout: 251 milliseconds
Build info: version: '2.53.1', revision: 'a36b8b1cd5757287168e54b817830adce9b0158d', time: '2016-06-30 19:26:09'
System info: host: 'ICPL11541', ip: '10.11.31.182', os.name: 'Windows 8', os.arch: 'amd64', os.version: '6.2', java.version: '1.8.0_111'
Driver info: com.qmetry.qaf.automation.ui.webdriver.QAFExtendedWebDriver
	at sun.reflect.GeneratedConstructorAccessor15.newInstance(Unknown Source)
	at sun.reflect.DelegatingConstructorAccessorImpl.newInstance(Unknown Source)
	at java.lang.reflect.Constructor.newInstance(Unknown Source)
	at org.openqa.selenium.remote.ErrorHandler.createThrowable(ErrorHandler.java:206)
	at org.openqa.selenium.remote.ErrorHandler.throwIfResponseFailed(ErrorHandler.java:158)
	at org.openqa.selenium.remote.RemoteWebDriver.execute(RemoteWebDriver.java:678)
	at com.qmetry.qaf.automation.ui.webdriver.QAFExtendedWebDriver.execute(QAFExtendedWebDriver.java:234)
	at org.openqa.selenium.remote.RemoteWebDriver.startSession(RemoteWebDriver.java:249)
	at org.openqa.selenium.remote.RemoteWebDriver.<init>(RemoteWebDriver.java:131)
	at org.openqa.selenium.remote.RemoteWebDriver.<init>(RemoteWebDriver.java:158)
	at com.qmetry.qaf.automation.ui.webdriver.QAFExtendedWebDriver.<init>(QAFExtendedWebDriver.java:93)
	at com.qmetry.qaf.automation.ui.UiDriverFactory$Browsers.getDriver(UiDriverFactory.java:441)
	at com.qmetry.qaf.automation.ui.UiDriverFactory$Browsers.access$3(UiDriverFactory.java:420)
	at com.qmetry.qaf.automation.ui.UiDriverFactory.getDriver(UiDriverFactory.java:233)
	at com.qmetry.qaf.automation.ui.UiDriverFactory.get(UiDriverFactory.java:94)
	at com.qmetry.qaf.automation.core.QAFTestBase$DriverInitExpectedCondition.apply(QAFTestBase.java:487)
	at com.qmetry.qaf.automation.core.QAFTestBase$DriverInitExpectedCondition.apply(QAFTestBase.java:1)
	at org.openqa.selenium.support.ui.FluentWait.until(FluentWait.java:238)
	at com.qmetry.qaf.automation.core.QAFTestBase.init(QAFTestBase.java:389)
	at com.qmetry.qaf.automation.core.QAFTestBase.getUiDriver(QAFTestBase.java:177)
	at com.qmetry.qaf.automation.ui.WebDriverTestBase.getDriver(WebDriverTestBase.java:47)
	at com.qmetry.qaf.automation.ui.WebDriverTestBase.getDriver(WebDriverTestBase.java:1)
	at com.qmetry.qaf.automation.ui.AbstractTestCase.getDriver(AbstractTestCase.java:78)
	at com.quantum.listerners.QuantumReportiumListener.createReportiumClient(QuantumReportiumListener.java:198)
	at com.quantum.listerners.QuantumReportiumListener.onTestStart(QuantumReportiumListener.java:76)
	at org.testng.internal.Invoker.runTestListeners(Invoker.java:1700)
	at org.testng.internal.Invoker.runTestListeners(Invoker.java:1675)
	at org.testng.internal.Invoker.invokeMethod(Invoker.java:619)
	at org.testng.internal.Invoker.invokeTestMethod(Invoker.java:820)
	at org.testng.internal.Invoker.invokeTestMethods(Invoker.java:1128)
	at org.testng.internal.TestMethodWorker.invokeTestMethods(TestMethodWorker.java:129)
	at org.testng.internal.TestMethodWorker.run(TestMethodWorker.java:112)
	at org.testng.TestRunner.privateRun(TestRunner.java:806)
	at org.testng.TestRunner.run(TestRunner.java:656)
	at org.testng.SuiteRunner.runTest(SuiteRunner.java:366)
	at org.testng.SuiteRunner.access$000(SuiteRunner.java:39)
	at org.testng.SuiteRunner$SuiteWorker.run(SuiteRunner.java:400)
	at org.testng.internal.thread.ThreadUtil$2.call(ThreadUtil.java:64)
	at java.util.concurrent.FutureTask.run(Unknown Source)
	at java.util.concurrent.ThreadPoolExecutor.runWorker(Unknown Source)
	at java.util.concurrent.ThreadPoolExecutor$Worker.run(Unknown Source)
	at java.lang.Thread.run(Unknown Source)
]]>
    </error>
  </testcase> <!-- Search Keyword Inline Data -->
  <testcase name="Search Keyword Inline Data" time="61.834" classname="com.qmetry.qaf.automation.step.client.DataDrivenScenario">
    <error type="com.qmetry.qaf.automation.core.AutomationError" message="Timed out after 60 seconds: Unable to create driver instance in 7th attempt with retry timeout of 60 seconds. You can check/set value of &#039;driver.init.retry.timeout&#039; appropriately to set retry timeout on driver initialization failure.
Failed to start execution - Access denied - bad credentials
Command duration or timeout: 251 milliseconds
Build info: version: &#039;2.53.1&#039;, revision: &#039;a36b8b1cd5757287168e54b817830adce9b0158d&#039;, time: &#039;2016-06-30 19:26:09&#039;
System info: host: &#039;ICPL11541&#039;, ip: &#039;10.11.31.182&#039;, os.name: &#039;Windows 8&#039;, os.arch: &#039;amd64&#039;, os.version: &#039;6.2&#039;, java.version: &#039;1.8.0_111&#039;
Driver info: com.qmetry.qaf.automation.ui.webdriver.QAFExtendedWebDriver">
      <![CDATA[com.qmetry.qaf.automation.core.AutomationError: Timed out after 60 seconds: Unable to create driver instance in 7th attempt with retry timeout of 60 seconds. You can check/set value of 'driver.init.retry.timeout' appropriately to set retry timeout on driver initialization failure.
Failed to start execution - Access denied - bad credentials
Command duration or timeout: 251 milliseconds
Build info: version: '2.53.1', revision: 'a36b8b1cd5757287168e54b817830adce9b0158d', time: '2016-06-30 19:26:09'
System info: host: 'ICPL11541', ip: '10.11.31.182', os.name: 'Windows 8', os.arch: 'amd64', os.version: '6.2', java.version: '1.8.0_111'
Driver info: com.qmetry.qaf.automation.ui.webdriver.QAFExtendedWebDriver
	at sun.reflect.GeneratedConstructorAccessor15.newInstance(Unknown Source)
	at sun.reflect.DelegatingConstructorAccessorImpl.newInstance(Unknown Source)
	at java.lang.reflect.Constructor.newInstance(Unknown Source)
	at org.openqa.selenium.remote.ErrorHandler.createThrowable(ErrorHandler.java:206)
	at org.openqa.selenium.remote.ErrorHandler.throwIfResponseFailed(ErrorHandler.java:158)
	at org.openqa.selenium.remote.RemoteWebDriver.execute(RemoteWebDriver.java:678)
	at com.qmetry.qaf.automation.ui.webdriver.QAFExtendedWebDriver.execute(QAFExtendedWebDriver.java:234)
	at org.openqa.selenium.remote.RemoteWebDriver.startSession(RemoteWebDriver.java:249)
	at org.openqa.selenium.remote.RemoteWebDriver.<init>(RemoteWebDriver.java:131)
	at org.openqa.selenium.remote.RemoteWebDriver.<init>(RemoteWebDriver.java:158)
	at com.qmetry.qaf.automation.ui.webdriver.QAFExtendedWebDriver.<init>(QAFExtendedWebDriver.java:93)
	at com.qmetry.qaf.automation.ui.UiDriverFactory$Browsers.getDriver(UiDriverFactory.java:441)
	at com.qmetry.qaf.automation.ui.UiDriverFactory$Browsers.access$3(UiDriverFactory.java:420)
	at com.qmetry.qaf.automation.ui.UiDriverFactory.getDriver(UiDriverFactory.java:233)
	at com.qmetry.qaf.automation.ui.UiDriverFactory.get(UiDriverFactory.java:94)
	at com.qmetry.qaf.automation.core.QAFTestBase$DriverInitExpectedCondition.apply(QAFTestBase.java:487)
	at com.qmetry.qaf.automation.core.QAFTestBase$DriverInitExpectedCondition.apply(QAFTestBase.java:1)
	at org.openqa.selenium.support.ui.FluentWait.until(FluentWait.java:238)
	at com.qmetry.qaf.automation.core.QAFTestBase.init(QAFTestBase.java:389)
	at com.qmetry.qaf.automation.core.QAFTestBase.getUiDriver(QAFTestBase.java:177)
	at com.qmetry.qaf.automation.ui.WebDriverTestBase.getDriver(WebDriverTestBase.java:47)
	at com.qmetry.qaf.automation.ui.WebDriverTestBase.getDriver(WebDriverTestBase.java:1)
	at com.qmetry.qaf.automation.ui.AbstractTestCase.getDriver(AbstractTestCase.java:78)
	at com.quantum.listerners.QuantumReportiumListener.createReportiumClient(QuantumReportiumListener.java:198)
	at com.quantum.listerners.QuantumReportiumListener.onTestStart(QuantumReportiumListener.java:76)
	at org.testng.internal.Invoker.runTestListeners(Invoker.java:1700)
	at org.testng.internal.Invoker.runTestListeners(Invoker.java:1675)
	at org.testng.internal.Invoker.invokeMethod(Invoker.java:619)
	at org.testng.internal.Invoker.invokeTestMethod(Invoker.java:820)
	at org.testng.internal.Invoker.invokeTestMethods(Invoker.java:1128)
	at org.testng.internal.TestMethodWorker.invokeTestMethods(TestMethodWorker.java:129)
	at org.testng.internal.TestMethodWorker.run(TestMethodWorker.java:112)
	at org.testng.TestRunner.privateRun(TestRunner.java:806)
	at org.testng.TestRunner.run(TestRunner.java:656)
	at org.testng.SuiteRunner.runTest(SuiteRunner.java:366)
	at org.testng.SuiteRunner.access$000(SuiteRunner.java:39)
	at org.testng.SuiteRunner$SuiteWorker.run(SuiteRunner.java:400)
	at org.testng.internal.thread.ThreadUtil$2.call(ThreadUtil.java:64)
	at java.util.concurrent.FutureTask.run(Unknown Source)
	at java.util.concurrent.ThreadPoolExecutor.runWorker(Unknown Source)
	at java.util.concurrent.ThreadPoolExecutor$Worker.run(Unknown Source)
	at java.lang.Thread.run(Unknown Source)
]]>
    </error>
  </testcase> <!-- Search Keyword Inline Data -->
  <testcase name="Search Keyword Inline Data" time="61.000" classname="com.qmetry.qaf.automation.step.client.DataDrivenScenario">
    <error type="com.qmetry.qaf.automation.core.AutomationError" message="Timed out after 60 seconds: Unable to create driver instance in 6th attempt with retry timeout of 60 seconds. You can check/set value of &#039;driver.init.retry.timeout&#039; appropriately to set retry timeout on driver initialization failure.
Failed to start execution - Access denied - bad credentials
Command duration or timeout: 282 milliseconds
Build info: version: &#039;2.53.1&#039;, revision: &#039;a36b8b1cd5757287168e54b817830adce9b0158d&#039;, time: &#039;2016-06-30 19:26:09&#039;
System info: host: &#039;ICPL11541&#039;, ip: &#039;10.11.31.182&#039;, os.name: &#039;Windows 8&#039;, os.arch: &#039;amd64&#039;, os.version: &#039;6.2&#039;, java.version: &#039;1.8.0_111&#039;
Driver info: com.qmetry.qaf.automation.ui.webdriver.QAFExtendedWebDriver">
      <![CDATA[com.qmetry.qaf.automation.core.AutomationError: Timed out after 60 seconds: Unable to create driver instance in 6th attempt with retry timeout of 60 seconds. You can check/set value of 'driver.init.retry.timeout' appropriately to set retry timeout on driver initialization failure.
Failed to start execution - Access denied - bad credentials
Command duration or timeout: 282 milliseconds
Build info: version: '2.53.1', revision: 'a36b8b1cd5757287168e54b817830adce9b0158d', time: '2016-06-30 19:26:09'
System info: host: 'ICPL11541', ip: '10.11.31.182', os.name: 'Windows 8', os.arch: 'amd64', os.version: '6.2', java.version: '1.8.0_111'
Driver info: com.qmetry.qaf.automation.ui.webdriver.QAFExtendedWebDriver
	at sun.reflect.GeneratedConstructorAccessor15.newInstance(Unknown Source)
	at sun.reflect.DelegatingConstructorAccessorImpl.newInstance(Unknown Source)
	at java.lang.reflect.Constructor.newInstance(Unknown Source)
	at org.openqa.selenium.remote.ErrorHandler.createThrowable(ErrorHandler.java:206)
	at org.openqa.selenium.remote.ErrorHandler.throwIfResponseFailed(ErrorHandler.java:158)
	at org.openqa.selenium.remote.RemoteWebDriver.execute(RemoteWebDriver.java:678)
	at com.qmetry.qaf.automation.ui.webdriver.QAFExtendedWebDriver.execute(QAFExtendedWebDriver.java:234)
	at org.openqa.selenium.remote.RemoteWebDriver.startSession(RemoteWebDriver.java:249)
	at org.openqa.selenium.remote.RemoteWebDriver.<init>(RemoteWebDriver.java:131)
	at org.openqa.selenium.remote.RemoteWebDriver.<init>(RemoteWebDriver.java:158)
	at com.qmetry.qaf.automation.ui.webdriver.QAFExtendedWebDriver.<init>(QAFExtendedWebDriver.java:93)
	at com.qmetry.qaf.automation.ui.UiDriverFactory$Browsers.getDriver(UiDriverFactory.java:441)
	at com.qmetry.qaf.automation.ui.UiDriverFactory$Browsers.access$3(UiDriverFactory.java:420)
	at com.qmetry.qaf.automation.ui.UiDriverFactory.getDriver(UiDriverFactory.java:233)
	at com.qmetry.qaf.automation.ui.UiDriverFactory.get(UiDriverFactory.java:94)
	at com.qmetry.qaf.automation.core.QAFTestBase$DriverInitExpectedCondition.apply(QAFTestBase.java:487)
	at com.qmetry.qaf.automation.core.QAFTestBase$DriverInitExpectedCondition.apply(QAFTestBase.java:1)
	at org.openqa.selenium.support.ui.FluentWait.until(FluentWait.java:238)
	at com.qmetry.qaf.automation.core.QAFTestBase.init(QAFTestBase.java:389)
	at com.qmetry.qaf.automation.core.QAFTestBase.getUiDriver(QAFTestBase.java:177)
	at com.qmetry.qaf.automation.ui.WebDriverTestBase.getDriver(WebDriverTestBase.java:47)
	at com.qmetry.qaf.automation.ui.WebDriverTestBase.getDriver(WebDriverTestBase.java:1)
	at com.qmetry.qaf.automation.ui.AbstractTestCase.getDriver(AbstractTestCase.java:78)
	at com.quantum.listerners.QuantumReportiumListener.createReportiumClient(QuantumReportiumListener.java:198)
	at com.quantum.listerners.QuantumReportiumListener.onTestStart(QuantumReportiumListener.java:76)
	at org.testng.internal.Invoker.runTestListeners(Invoker.java:1700)
	at org.testng.internal.Invoker.runTestListeners(Invoker.java:1675)
	at org.testng.internal.Invoker.invokeMethod(Invoker.java:619)
	at org.testng.internal.Invoker.invokeTestMethod(Invoker.java:820)
	at org.testng.internal.Invoker.invokeTestMethods(Invoker.java:1128)
	at org.testng.internal.TestMethodWorker.invokeTestMethods(TestMethodWorker.java:129)
	at org.testng.internal.TestMethodWorker.run(TestMethodWorker.java:112)
	at org.testng.TestRunner.privateRun(TestRunner.java:806)
	at org.testng.TestRunner.run(TestRunner.java:656)
	at org.testng.SuiteRunner.runTest(SuiteRunner.java:366)
	at org.testng.SuiteRunner.access$000(SuiteRunner.java:39)
	at org.testng.SuiteRunner$SuiteWorker.run(SuiteRunner.java:400)
	at org.testng.internal.thread.ThreadUtil$2.call(ThreadUtil.java:64)
	at java.util.concurrent.FutureTask.run(Unknown Source)
	at java.util.concurrent.ThreadPoolExecutor.runWorker(Unknown Source)
	at java.util.concurrent.ThreadPoolExecutor$Worker.run(Unknown Source)
	at java.lang.Thread.run(Unknown Source)
]]>
    </error>
  </testcase> <!-- Search Keyword Inline Data -->
  <testcase name="Search Keyword XML Data" time="106.445" classname="com.qmetry.qaf.automation.step.client.DataDrivenScenario">
    <error type="com.qmetry.qaf.automation.core.AutomationError" message="Timed out after 60 seconds: Unable to create driver instance in 5th attempt with retry timeout of 60 seconds. You can check/set value of &#039;driver.init.retry.timeout&#039; appropriately to set retry timeout on driver initialization failure.
Failed to start execution - Access denied - bad credentials
Command duration or timeout: 65.44 seconds
Build info: version: &#039;2.53.1&#039;, revision: &#039;a36b8b1cd5757287168e54b817830adce9b0158d&#039;, time: &#039;2016-06-30 19:26:09&#039;
System info: host: &#039;ICPL11541&#039;, ip: &#039;10.11.31.182&#039;, os.name: &#039;Windows 8&#039;, os.arch: &#039;amd64&#039;, os.version: &#039;6.2&#039;, java.version: &#039;1.8.0_111&#039;
Driver info: com.qmetry.qaf.automation.ui.webdriver.QAFExtendedWebDriver">
      <![CDATA[com.qmetry.qaf.automation.core.AutomationError: Timed out after 60 seconds: Unable to create driver instance in 5th attempt with retry timeout of 60 seconds. You can check/set value of 'driver.init.retry.timeout' appropriately to set retry timeout on driver initialization failure.
Failed to start execution - Access denied - bad credentials
Command duration or timeout: 65.44 seconds
Build info: version: '2.53.1', revision: 'a36b8b1cd5757287168e54b817830adce9b0158d', time: '2016-06-30 19:26:09'
System info: host: 'ICPL11541', ip: '10.11.31.182', os.name: 'Windows 8', os.arch: 'amd64', os.version: '6.2', java.version: '1.8.0_111'
Driver info: com.qmetry.qaf.automation.ui.webdriver.QAFExtendedWebDriver
	at sun.reflect.GeneratedConstructorAccessor15.newInstance(Unknown Source)
	at sun.reflect.DelegatingConstructorAccessorImpl.newInstance(Unknown Source)
	at java.lang.reflect.Constructor.newInstance(Unknown Source)
	at org.openqa.selenium.remote.ErrorHandler.createThrowable(ErrorHandler.java:206)
	at org.openqa.selenium.remote.ErrorHandler.throwIfResponseFailed(ErrorHandler.java:158)
	at org.openqa.selenium.remote.RemoteWebDriver.execute(RemoteWebDriver.java:678)
	at com.qmetry.qaf.automation.ui.webdriver.QAFExtendedWebDriver.execute(QAFExtendedWebDriver.java:234)
	at org.openqa.selenium.remote.RemoteWebDriver.startSession(RemoteWebDriver.java:249)
	at org.openqa.selenium.remote.RemoteWebDriver.<init>(RemoteWebDriver.java:131)
	at org.openqa.selenium.remote.RemoteWebDriver.<init>(RemoteWebDriver.java:158)
	at com.qmetry.qaf.automation.ui.webdriver.QAFExtendedWebDriver.<init>(QAFExtendedWebDriver.java:93)
	at com.qmetry.qaf.automation.ui.UiDriverFactory$Browsers.getDriver(UiDriverFactory.java:441)
	at com.qmetry.qaf.automation.ui.UiDriverFactory$Browsers.access$3(UiDriverFactory.java:420)
	at com.qmetry.qaf.automation.ui.UiDriverFactory.getDriver(UiDriverFactory.java:233)
	at com.qmetry.qaf.automation.ui.UiDriverFactory.get(UiDriverFactory.java:94)
	at com.qmetry.qaf.automation.core.QAFTestBase$DriverInitExpectedCondition.apply(QAFTestBase.java:487)
	at com.qmetry.qaf.automation.core.QAFTestBase$DriverInitExpectedCondition.apply(QAFTestBase.java:1)
	at org.openqa.selenium.support.ui.FluentWait.until(FluentWait.java:238)
	at com.qmetry.qaf.automation.core.QAFTestBase.init(QAFTestBase.java:389)
	at com.qmetry.qaf.automation.core.QAFTestBase.getUiDriver(QAFTestBase.java:177)
	at com.qmetry.qaf.automation.ui.WebDriverTestBase.getDriver(WebDriverTestBase.java:47)
	at com.qmetry.qaf.automation.ui.WebDriverTestBase.getDriver(WebDriverTestBase.java:1)
	at com.qmetry.qaf.automation.ui.AbstractTestCase.getDriver(AbstractTestCase.java:78)
	at com.quantum.listerners.QuantumReportiumListener.createReportiumClient(QuantumReportiumListener.java:198)
	at com.quantum.listerners.QuantumReportiumListener.onTestStart(QuantumReportiumListener.java:76)
	at org.testng.internal.Invoker.runTestListeners(Invoker.java:1700)
	at org.testng.internal.Invoker.runTestListeners(Invoker.java:1675)
	at org.testng.internal.Invoker.invokeMethod(Invoker.java:619)
	at org.testng.internal.Invoker.invokeTestMethod(Invoker.java:820)
	at org.testng.internal.Invoker.invokeTestMethods(Invoker.java:1128)
	at org.testng.internal.TestMethodWorker.invokeTestMethods(TestMethodWorker.java:129)
	at org.testng.internal.TestMethodWorker.run(TestMethodWorker.java:112)
	at org.testng.TestRunner.privateRun(TestRunner.java:806)
	at org.testng.TestRunner.run(TestRunner.java:656)
	at org.testng.SuiteRunner.runTest(SuiteRunner.java:366)
	at org.testng.SuiteRunner.access$000(SuiteRunner.java:39)
	at org.testng.SuiteRunner$SuiteWorker.run(SuiteRunner.java:400)
	at org.testng.internal.thread.ThreadUtil$2.call(ThreadUtil.java:64)
	at java.util.concurrent.FutureTask.run(Unknown Source)
	at java.util.concurrent.ThreadPoolExecutor.runWorker(Unknown Source)
	at java.util.concurrent.ThreadPoolExecutor$Worker.run(Unknown Source)
	at java.lang.Thread.run(Unknown Source)
]]>
    </error>
  </testcase> <!-- Search Keyword XML Data -->
  <testcase name="Search Keyword CSV Data" time="62.944" classname="com.qmetry.qaf.automation.step.client.DataDrivenScenario">
    <error type="com.qmetry.qaf.automation.core.AutomationError" message="Timed out after 60 seconds: Unable to create driver instance in 7th attempt with retry timeout of 60 seconds. You can check/set value of &#039;driver.init.retry.timeout&#039; appropriately to set retry timeout on driver initialization failure.
Failed to start execution - Access denied - bad credentials
Command duration or timeout: 244 milliseconds
Build info: version: &#039;2.53.1&#039;, revision: &#039;a36b8b1cd5757287168e54b817830adce9b0158d&#039;, time: &#039;2016-06-30 19:26:09&#039;
System info: host: &#039;ICPL11541&#039;, ip: &#039;10.11.31.182&#039;, os.name: &#039;Windows 8&#039;, os.arch: &#039;amd64&#039;, os.version: &#039;6.2&#039;, java.version: &#039;1.8.0_111&#039;
Driver info: com.qmetry.qaf.automation.ui.webdriver.QAFExtendedWebDriver">
      <![CDATA[com.qmetry.qaf.automation.core.AutomationError: Timed out after 60 seconds: Unable to create driver instance in 7th attempt with retry timeout of 60 seconds. You can check/set value of 'driver.init.retry.timeout' appropriately to set retry timeout on driver initialization failure.
Failed to start execution - Access denied - bad credentials
Command duration or timeout: 244 milliseconds
Build info: version: '2.53.1', revision: 'a36b8b1cd5757287168e54b817830adce9b0158d', time: '2016-06-30 19:26:09'
System info: host: 'ICPL11541', ip: '10.11.31.182', os.name: 'Windows 8', os.arch: 'amd64', os.version: '6.2', java.version: '1.8.0_111'
Driver info: com.qmetry.qaf.automation.ui.webdriver.QAFExtendedWebDriver
	at sun.reflect.GeneratedConstructorAccessor15.newInstance(Unknown Source)
	at sun.reflect.DelegatingConstructorAccessorImpl.newInstance(Unknown Source)
	at java.lang.reflect.Constructor.newInstance(Unknown Source)
	at org.openqa.selenium.remote.ErrorHandler.createThrowable(ErrorHandler.java:206)
	at org.openqa.selenium.remote.ErrorHandler.throwIfResponseFailed(ErrorHandler.java:158)
	at org.openqa.selenium.remote.RemoteWebDriver.execute(RemoteWebDriver.java:678)
	at com.qmetry.qaf.automation.ui.webdriver.QAFExtendedWebDriver.execute(QAFExtendedWebDriver.java:234)
	at org.openqa.selenium.remote.RemoteWebDriver.startSession(RemoteWebDriver.java:249)
	at org.openqa.selenium.remote.RemoteWebDriver.<init>(RemoteWebDriver.java:131)
	at org.openqa.selenium.remote.RemoteWebDriver.<init>(RemoteWebDriver.java:158)
	at com.qmetry.qaf.automation.ui.webdriver.QAFExtendedWebDriver.<init>(QAFExtendedWebDriver.java:93)
	at com.qmetry.qaf.automation.ui.UiDriverFactory$Browsers.getDriver(UiDriverFactory.java:441)
	at com.qmetry.qaf.automation.ui.UiDriverFactory$Browsers.access$3(UiDriverFactory.java:420)
	at com.qmetry.qaf.automation.ui.UiDriverFactory.getDriver(UiDriverFactory.java:233)
	at com.qmetry.qaf.automation.ui.UiDriverFactory.get(UiDriverFactory.java:94)
	at com.qmetry.qaf.automation.core.QAFTestBase$DriverInitExpectedCondition.apply(QAFTestBase.java:487)
	at com.qmetry.qaf.automation.core.QAFTestBase$DriverInitExpectedCondition.apply(QAFTestBase.java:1)
	at org.openqa.selenium.support.ui.FluentWait.until(FluentWait.java:238)
	at com.qmetry.qaf.automation.core.QAFTestBase.init(QAFTestBase.java:389)
	at com.qmetry.qaf.automation.core.QAFTestBase.getUiDriver(QAFTestBase.java:177)
	at com.qmetry.qaf.automation.ui.WebDriverTestBase.getDriver(WebDriverTestBase.java:47)
	at com.qmetry.qaf.automation.ui.WebDriverTestBase.getDriver(WebDriverTestBase.java:1)
	at com.qmetry.qaf.automation.ui.AbstractTestCase.getDriver(AbstractTestCase.java:78)
	at com.quantum.listerners.QuantumReportiumListener.createReportiumClient(QuantumReportiumListener.java:198)
	at com.quantum.listerners.QuantumReportiumListener.onTestStart(QuantumReportiumListener.java:76)
	at org.testng.internal.Invoker.runTestListeners(Invoker.java:1700)
	at org.testng.internal.Invoker.runTestListeners(Invoker.java:1675)
	at org.testng.internal.Invoker.invokeMethod(Invoker.java:619)
	at org.testng.internal.Invoker.invokeTestMethod(Invoker.java:820)
	at org.testng.internal.Invoker.invokeTestMethods(Invoker.java:1128)
	at org.testng.internal.TestMethodWorker.invokeTestMethods(TestMethodWorker.java:129)
	at org.testng.internal.TestMethodWorker.run(TestMethodWorker.java:112)
	at org.testng.TestRunner.privateRun(TestRunner.java:806)
	at org.testng.TestRunner.run(TestRunner.java:656)
	at org.testng.SuiteRunner.runTest(SuiteRunner.java:366)
	at org.testng.SuiteRunner.access$000(SuiteRunner.java:39)
	at org.testng.SuiteRunner$SuiteWorker.run(SuiteRunner.java:400)
	at org.testng.internal.thread.ThreadUtil$2.call(ThreadUtil.java:64)
	at java.util.concurrent.FutureTask.run(Unknown Source)
	at java.util.concurrent.ThreadPoolExecutor.runWorker(Unknown Source)
	at java.util.concurrent.ThreadPoolExecutor$Worker.run(Unknown Source)
	at java.lang.Thread.run(Unknown Source)
]]>
    </error>
  </testcase> <!-- Search Keyword CSV Data -->
  <testcase name="Search Keyword XML Data" time="65.470" classname="com.qmetry.qaf.automation.step.client.DataDrivenScenario">
    <error type="com.qmetry.qaf.automation.core.AutomationError" message="Timed out after 60 seconds: Unable to create driver instance in 7th attempt with retry timeout of 60 seconds. You can check/set value of &#039;driver.init.retry.timeout&#039; appropriately to set retry timeout on driver initialization failure.
Failed to start execution - Access denied - bad credentials
Command duration or timeout: 235 milliseconds
Build info: version: &#039;2.53.1&#039;, revision: &#039;a36b8b1cd5757287168e54b817830adce9b0158d&#039;, time: &#039;2016-06-30 19:26:09&#039;
System info: host: &#039;ICPL11541&#039;, ip: &#039;10.11.31.182&#039;, os.name: &#039;Windows 8&#039;, os.arch: &#039;amd64&#039;, os.version: &#039;6.2&#039;, java.version: &#039;1.8.0_111&#039;
Driver info: com.qmetry.qaf.automation.ui.webdriver.QAFExtendedWebDriver">
      <![CDATA[com.qmetry.qaf.automation.core.AutomationError: Timed out after 60 seconds: Unable to create driver instance in 7th attempt with retry timeout of 60 seconds. You can check/set value of 'driver.init.retry.timeout' appropriately to set retry timeout on driver initialization failure.
Failed to start execution - Access denied - bad credentials
Command duration or timeout: 235 milliseconds
Build info: version: '2.53.1', revision: 'a36b8b1cd5757287168e54b817830adce9b0158d', time: '2016-06-30 19:26:09'
System info: host: 'ICPL11541', ip: '10.11.31.182', os.name: 'Windows 8', os.arch: 'amd64', os.version: '6.2', java.version: '1.8.0_111'
Driver info: com.qmetry.qaf.automation.ui.webdriver.QAFExtendedWebDriver
	at sun.reflect.GeneratedConstructorAccessor15.newInstance(Unknown Source)
	at sun.reflect.DelegatingConstructorAccessorImpl.newInstance(Unknown Source)
	at java.lang.reflect.Constructor.newInstance(Unknown Source)
	at org.openqa.selenium.remote.ErrorHandler.createThrowable(ErrorHandler.java:206)
	at org.openqa.selenium.remote.ErrorHandler.throwIfResponseFailed(ErrorHandler.java:158)
	at org.openqa.selenium.remote.RemoteWebDriver.execute(RemoteWebDriver.java:678)
	at com.qmetry.qaf.automation.ui.webdriver.QAFExtendedWebDriver.execute(QAFExtendedWebDriver.java:234)
	at org.openqa.selenium.remote.RemoteWebDriver.startSession(RemoteWebDriver.java:249)
	at org.openqa.selenium.remote.RemoteWebDriver.<init>(RemoteWebDriver.java:131)
	at org.openqa.selenium.remote.RemoteWebDriver.<init>(RemoteWebDriver.java:158)
	at com.qmetry.qaf.automation.ui.webdriver.QAFExtendedWebDriver.<init>(QAFExtendedWebDriver.java:93)
	at com.qmetry.qaf.automation.ui.UiDriverFactory$Browsers.getDriver(UiDriverFactory.java:441)
	at com.qmetry.qaf.automation.ui.UiDriverFactory$Browsers.access$3(UiDriverFactory.java:420)
	at com.qmetry.qaf.automation.ui.UiDriverFactory.getDriver(UiDriverFactory.java:233)
	at com.qmetry.qaf.automation.ui.UiDriverFactory.get(UiDriverFactory.java:94)
	at com.qmetry.qaf.automation.core.QAFTestBase$DriverInitExpectedCondition.apply(QAFTestBase.java:487)
	at com.qmetry.qaf.automation.core.QAFTestBase$DriverInitExpectedCondition.apply(QAFTestBase.java:1)
	at org.openqa.selenium.support.ui.FluentWait.until(FluentWait.java:238)
	at com.qmetry.qaf.automation.core.QAFTestBase.init(QAFTestBase.java:389)
	at com.qmetry.qaf.automation.core.QAFTestBase.getUiDriver(QAFTestBase.java:177)
	at com.qmetry.qaf.automation.ui.WebDriverTestBase.getDriver(WebDriverTestBase.java:47)
	at com.qmetry.qaf.automation.ui.WebDriverTestBase.getDriver(WebDriverTestBase.java:1)
	at com.qmetry.qaf.automation.ui.AbstractTestCase.getDriver(AbstractTestCase.java:78)
	at com.quantum.listerners.QuantumReportiumListener.createReportiumClient(QuantumReportiumListener.java:198)
	at com.quantum.listerners.QuantumReportiumListener.onTestStart(QuantumReportiumListener.java:76)
	at org.testng.internal.Invoker.runTestListeners(Invoker.java:1700)
	at org.testng.internal.Invoker.runTestListeners(Invoker.java:1675)
	at org.testng.internal.Invoker.invokeMethod(Invoker.java:619)
	at org.testng.internal.Invoker.invokeTestMethod(Invoker.java:820)
	at org.testng.internal.Invoker.invokeTestMethods(Invoker.java:1128)
	at org.testng.internal.TestMethodWorker.invokeTestMethods(TestMethodWorker.java:129)
	at org.testng.internal.TestMethodWorker.run(TestMethodWorker.java:112)
	at org.testng.TestRunner.privateRun(TestRunner.java:806)
	at org.testng.TestRunner.run(TestRunner.java:656)
	at org.testng.SuiteRunner.runTest(SuiteRunner.java:366)
	at org.testng.SuiteRunner.access$000(SuiteRunner.java:39)
	at org.testng.SuiteRunner$SuiteWorker.run(SuiteRunner.java:400)
	at org.testng.internal.thread.ThreadUtil$2.call(ThreadUtil.java:64)
	at java.util.concurrent.FutureTask.run(Unknown Source)
	at java.util.concurrent.ThreadPoolExecutor.runWorker(Unknown Source)
	at java.util.concurrent.ThreadPoolExecutor$Worker.run(Unknown Source)
	at java.lang.Thread.run(Unknown Source)
]]>
    </error>
  </testcase> <!-- Search Keyword XML Data -->
  <testcase name="Search Keyword CSV Data" time="62.182" classname="com.qmetry.qaf.automation.step.client.DataDrivenScenario">
    <error type="com.qmetry.qaf.automation.core.AutomationError" message="Timed out after 60 seconds: Unable to create driver instance in 7th attempt with retry timeout of 60 seconds. You can check/set value of &#039;driver.init.retry.timeout&#039; appropriately to set retry timeout on driver initialization failure.
Failed to start execution - Access denied - bad credentials
Command duration or timeout: 306 milliseconds
Build info: version: &#039;2.53.1&#039;, revision: &#039;a36b8b1cd5757287168e54b817830adce9b0158d&#039;, time: &#039;2016-06-30 19:26:09&#039;
System info: host: &#039;ICPL11541&#039;, ip: &#039;10.11.31.182&#039;, os.name: &#039;Windows 8&#039;, os.arch: &#039;amd64&#039;, os.version: &#039;6.2&#039;, java.version: &#039;1.8.0_111&#039;
Driver info: com.qmetry.qaf.automation.ui.webdriver.QAFExtendedWebDriver">
      <![CDATA[com.qmetry.qaf.automation.core.AutomationError: Timed out after 60 seconds: Unable to create driver instance in 7th attempt with retry timeout of 60 seconds. You can check/set value of 'driver.init.retry.timeout' appropriately to set retry timeout on driver initialization failure.
Failed to start execution - Access denied - bad credentials
Command duration or timeout: 306 milliseconds
Build info: version: '2.53.1', revision: 'a36b8b1cd5757287168e54b817830adce9b0158d', time: '2016-06-30 19:26:09'
System info: host: 'ICPL11541', ip: '10.11.31.182', os.name: 'Windows 8', os.arch: 'amd64', os.version: '6.2', java.version: '1.8.0_111'
Driver info: com.qmetry.qaf.automation.ui.webdriver.QAFExtendedWebDriver
	at sun.reflect.GeneratedConstructorAccessor15.newInstance(Unknown Source)
	at sun.reflect.DelegatingConstructorAccessorImpl.newInstance(Unknown Source)
	at java.lang.reflect.Constructor.newInstance(Unknown Source)
	at org.openqa.selenium.remote.ErrorHandler.createThrowable(ErrorHandler.java:206)
	at org.openqa.selenium.remote.ErrorHandler.throwIfResponseFailed(ErrorHandler.java:158)
	at org.openqa.selenium.remote.RemoteWebDriver.execute(RemoteWebDriver.java:678)
	at com.qmetry.qaf.automation.ui.webdriver.QAFExtendedWebDriver.execute(QAFExtendedWebDriver.java:234)
	at org.openqa.selenium.remote.RemoteWebDriver.startSession(RemoteWebDriver.java:249)
	at org.openqa.selenium.remote.RemoteWebDriver.<init>(RemoteWebDriver.java:131)
	at org.openqa.selenium.remote.RemoteWebDriver.<init>(RemoteWebDriver.java:158)
	at com.qmetry.qaf.automation.ui.webdriver.QAFExtendedWebDriver.<init>(QAFExtendedWebDriver.java:93)
	at com.qmetry.qaf.automation.ui.UiDriverFactory$Browsers.getDriver(UiDriverFactory.java:441)
	at com.qmetry.qaf.automation.ui.UiDriverFactory$Browsers.access$3(UiDriverFactory.java:420)
	at com.qmetry.qaf.automation.ui.UiDriverFactory.getDriver(UiDriverFactory.java:233)
	at com.qmetry.qaf.automation.ui.UiDriverFactory.get(UiDriverFactory.java:94)
	at com.qmetry.qaf.automation.core.QAFTestBase$DriverInitExpectedCondition.apply(QAFTestBase.java:487)
	at com.qmetry.qaf.automation.core.QAFTestBase$DriverInitExpectedCondition.apply(QAFTestBase.java:1)
	at org.openqa.selenium.support.ui.FluentWait.until(FluentWait.java:238)
	at com.qmetry.qaf.automation.core.QAFTestBase.init(QAFTestBase.java:389)
	at com.qmetry.qaf.automation.core.QAFTestBase.getUiDriver(QAFTestBase.java:177)
	at com.qmetry.qaf.automation.ui.WebDriverTestBase.getDriver(WebDriverTestBase.java:47)
	at com.qmetry.qaf.automation.ui.WebDriverTestBase.getDriver(WebDriverTestBase.java:1)
	at com.qmetry.qaf.automation.ui.AbstractTestCase.getDriver(AbstractTestCase.java:78)
	at com.quantum.listerners.QuantumReportiumListener.createReportiumClient(QuantumReportiumListener.java:198)
	at com.quantum.listerners.QuantumReportiumListener.onTestStart(QuantumReportiumListener.java:76)
	at org.testng.internal.Invoker.runTestListeners(Invoker.java:1700)
	at org.testng.internal.Invoker.runTestListeners(Invoker.java:1675)
	at org.testng.internal.Invoker.invokeMethod(Invoker.java:619)
	at org.testng.internal.Invoker.invokeTestMethod(Invoker.java:820)
	at org.testng.internal.Invoker.invokeTestMethods(Invoker.java:1128)
	at org.testng.internal.TestMethodWorker.invokeTestMethods(TestMethodWorker.java:129)
	at org.testng.internal.TestMethodWorker.run(TestMethodWorker.java:112)
	at org.testng.TestRunner.privateRun(TestRunner.java:806)
	at org.testng.TestRunner.run(TestRunner.java:656)
	at org.testng.SuiteRunner.runTest(SuiteRunner.java:366)
	at org.testng.SuiteRunner.access$000(SuiteRunner.java:39)
	at org.testng.SuiteRunner$SuiteWorker.run(SuiteRunner.java:400)
	at org.testng.internal.thread.ThreadUtil$2.call(ThreadUtil.java:64)
	at java.util.concurrent.FutureTask.run(Unknown Source)
	at java.util.concurrent.ThreadPoolExecutor.runWorker(Unknown Source)
	at java.util.concurrent.ThreadPoolExecutor$Worker.run(Unknown Source)
	at java.lang.Thread.run(Unknown Source)
]]>
    </error>
  </testcase> <!-- Search Keyword CSV Data -->
  <testcase name="Search Keyword XML Data" time="63.673" classname="com.qmetry.qaf.automation.step.client.DataDrivenScenario">
    <error type="com.qmetry.qaf.automation.core.AutomationError" message="Timed out after 60 seconds: Unable to create driver instance in 7th attempt with retry timeout of 60 seconds. You can check/set value of &#039;driver.init.retry.timeout&#039; appropriately to set retry timeout on driver initialization failure.
Failed to start execution - Access denied - bad credentials
Command duration or timeout: 254 milliseconds
Build info: version: &#039;2.53.1&#039;, revision: &#039;a36b8b1cd5757287168e54b817830adce9b0158d&#039;, time: &#039;2016-06-30 19:26:09&#039;
System info: host: &#039;ICPL11541&#039;, ip: &#039;10.11.31.182&#039;, os.name: &#039;Windows 8&#039;, os.arch: &#039;amd64&#039;, os.version: &#039;6.2&#039;, java.version: &#039;1.8.0_111&#039;
Driver info: com.qmetry.qaf.automation.ui.webdriver.QAFExtendedWebDriver">
      <![CDATA[com.qmetry.qaf.automation.core.AutomationError: Timed out after 60 seconds: Unable to create driver instance in 7th attempt with retry timeout of 60 seconds. You can check/set value of 'driver.init.retry.timeout' appropriately to set retry timeout on driver initialization failure.
Failed to start execution - Access denied - bad credentials
Command duration or timeout: 254 milliseconds
Build info: version: '2.53.1', revision: 'a36b8b1cd5757287168e54b817830adce9b0158d', time: '2016-06-30 19:26:09'
System info: host: 'ICPL11541', ip: '10.11.31.182', os.name: 'Windows 8', os.arch: 'amd64', os.version: '6.2', java.version: '1.8.0_111'
Driver info: com.qmetry.qaf.automation.ui.webdriver.QAFExtendedWebDriver
	at sun.reflect.GeneratedConstructorAccessor15.newInstance(Unknown Source)
	at sun.reflect.DelegatingConstructorAccessorImpl.newInstance(Unknown Source)
	at java.lang.reflect.Constructor.newInstance(Unknown Source)
	at org.openqa.selenium.remote.ErrorHandler.createThrowable(ErrorHandler.java:206)
	at org.openqa.selenium.remote.ErrorHandler.throwIfResponseFailed(ErrorHandler.java:158)
	at org.openqa.selenium.remote.RemoteWebDriver.execute(RemoteWebDriver.java:678)
	at com.qmetry.qaf.automation.ui.webdriver.QAFExtendedWebDriver.execute(QAFExtendedWebDriver.java:234)
	at org.openqa.selenium.remote.RemoteWebDriver.startSession(RemoteWebDriver.java:249)
	at org.openqa.selenium.remote.RemoteWebDriver.<init>(RemoteWebDriver.java:131)
	at org.openqa.selenium.remote.RemoteWebDriver.<init>(RemoteWebDriver.java:158)
	at com.qmetry.qaf.automation.ui.webdriver.QAFExtendedWebDriver.<init>(QAFExtendedWebDriver.java:93)
	at com.qmetry.qaf.automation.ui.UiDriverFactory$Browsers.getDriver(UiDriverFactory.java:441)
	at com.qmetry.qaf.automation.ui.UiDriverFactory$Browsers.access$3(UiDriverFactory.java:420)
	at com.qmetry.qaf.automation.ui.UiDriverFactory.getDriver(UiDriverFactory.java:233)
	at com.qmetry.qaf.automation.ui.UiDriverFactory.get(UiDriverFactory.java:94)
	at com.qmetry.qaf.automation.core.QAFTestBase$DriverInitExpectedCondition.apply(QAFTestBase.java:487)
	at com.qmetry.qaf.automation.core.QAFTestBase$DriverInitExpectedCondition.apply(QAFTestBase.java:1)
	at org.openqa.selenium.support.ui.FluentWait.until(FluentWait.java:238)
	at com.qmetry.qaf.automation.core.QAFTestBase.init(QAFTestBase.java:389)
	at com.qmetry.qaf.automation.core.QAFTestBase.getUiDriver(QAFTestBase.java:177)
	at com.qmetry.qaf.automation.ui.WebDriverTestBase.getDriver(WebDriverTestBase.java:47)
	at com.qmetry.qaf.automation.ui.WebDriverTestBase.getDriver(WebDriverTestBase.java:1)
	at com.qmetry.qaf.automation.ui.AbstractTestCase.getDriver(AbstractTestCase.java:78)
	at com.quantum.listerners.QuantumReportiumListener.createReportiumClient(QuantumReportiumListener.java:198)
	at com.quantum.listerners.QuantumReportiumListener.onTestStart(QuantumReportiumListener.java:76)
	at org.testng.internal.Invoker.runTestListeners(Invoker.java:1700)
	at org.testng.internal.Invoker.runTestListeners(Invoker.java:1675)
	at org.testng.internal.Invoker.invokeMethod(Invoker.java:619)
	at org.testng.internal.Invoker.invokeTestMethod(Invoker.java:820)
	at org.testng.internal.Invoker.invokeTestMethods(Invoker.java:1128)
	at org.testng.internal.TestMethodWorker.invokeTestMethods(TestMethodWorker.java:129)
	at org.testng.internal.TestMethodWorker.run(TestMethodWorker.java:112)
	at org.testng.TestRunner.privateRun(TestRunner.java:806)
	at org.testng.TestRunner.run(TestRunner.java:656)
	at org.testng.SuiteRunner.runTest(SuiteRunner.java:366)
	at org.testng.SuiteRunner.access$000(SuiteRunner.java:39)
	at org.testng.SuiteRunner$SuiteWorker.run(SuiteRunner.java:400)
	at org.testng.internal.thread.ThreadUtil$2.call(ThreadUtil.java:64)
	at java.util.concurrent.FutureTask.run(Unknown Source)
	at java.util.concurrent.ThreadPoolExecutor.runWorker(Unknown Source)
	at java.util.concurrent.ThreadPoolExecutor$Worker.run(Unknown Source)
	at java.lang.Thread.run(Unknown Source)
]]>
    </error>
  </testcase> <!-- Search Keyword XML Data -->
</testsuite> <!-- com.qmetry.qaf.automation.step.client.DataDrivenScenario -->
